mode: set
github.com/leoantony72/goswift/expiry/expiry.go:20.19,22.2 1 0
github.com/leoantony72/goswift/expiry/expiry.go:24.55,29.2 4 1
github.com/leoantony72/goswift/expiry/expiry.go:31.48,32.59 1 1
github.com/leoantony72/goswift/expiry/expiry.go:40.2,40.16 1 1
github.com/leoantony72/goswift/expiry/expiry.go:32.59,39.3 4 1
github.com/leoantony72/goswift/expiry/expiry.go:43.41,46.17 2 1
github.com/leoantony72/goswift/expiry/expiry.go:50.2,56.18 6 1
github.com/leoantony72/goswift/expiry/expiry.go:46.17,49.3 2 0
github.com/leoantony72/goswift/expiry/expiry.go:59.50,66.21 4 1
github.com/leoantony72/goswift/expiry/expiry.go:66.21,68.21 1 1
github.com/leoantony72/goswift/expiry/expiry.go:76.3,76.55 1 1
github.com/leoantony72/goswift/expiry/expiry.go:68.21,70.4 1 1
github.com/leoantony72/goswift/expiry/expiry.go:70.9,70.49 1 1
github.com/leoantony72/goswift/expiry/expiry.go:70.49,72.4 1 1
github.com/leoantony72/goswift/expiry/expiry.go:72.9,74.4 1 1
github.com/leoantony72/goswift/expiry/expiry.go:76.55,82.4 5 1
github.com/leoantony72/goswift/expiry/expiry.go:82.9,85.4 1 1
github.com/leoantony72/goswift/expiry/expiry.go:92.43,93.22 1 0
github.com/leoantony72/goswift/expiry/expiry.go:98.2,102.42 5 0
github.com/leoantony72/goswift/expiry/expiry.go:93.22,96.3 2 0
github.com/leoantony72/goswift/expiry/expiry.go:106.33,110.2 1 1
github.com/leoantony72/goswift/expiry/expiry.go:112.28,114.2 1 1
github.com/leoantony72/goswift/expiry/expiry.go:116.31,118.2 1 1
github.com/leoantony72/goswift/expiry/expiry.go:120.32,122.2 1 1
github.com/leoantony72/goswift/cache.go:40.57,46.27 5 1
github.com/leoantony72/goswift/cache.go:51.2,51.25 1 1
github.com/leoantony72/goswift/cache.go:46.27,49.3 2 1
github.com/leoantony72/goswift/cache.go:54.31,60.2 5 1
github.com/leoantony72/goswift/cache.go:63.41,68.2 4 1
github.com/leoantony72/goswift/cache.go:69.52,74.2 2 1
github.com/leoantony72/goswift/cache.go:80.59,83.14 3 1
github.com/leoantony72/goswift/cache.go:89.2,94.15 6 1
github.com/leoantony72/goswift/cache.go:83.14,88.3 4 1
github.com/leoantony72/goswift/cache.go:101.54,105.9 4 1
github.com/leoantony72/goswift/cache.go:108.2,108.24 1 1
github.com/leoantony72/goswift/cache.go:117.2,117.24 1 1
github.com/leoantony72/goswift/cache.go:105.9,107.3 1 1
github.com/leoantony72/goswift/cache.go:108.24,109.45 1 1
github.com/leoantony72/goswift/cache.go:112.3,115.41 4 1
github.com/leoantony72/goswift/cache.go:109.45,111.4 1 1
github.com/leoantony72/goswift/cache.go:122.33,124.31 2 1
github.com/leoantony72/goswift/cache.go:128.2,135.24 3 1
github.com/leoantony72/goswift/cache.go:141.2,144.15 4 1
github.com/leoantony72/goswift/cache.go:124.31,127.3 2 1
github.com/leoantony72/goswift/cache.go:135.24,139.3 3 1
github.com/leoantony72/goswift/cache.go:149.59,150.20 1 1
github.com/leoantony72/goswift/cache.go:154.2,159.12 6 1
github.com/leoantony72/goswift/cache.go:150.20,152.3 1 1
github.com/leoantony72/goswift/cache.go:162.60,165.39 2 1
github.com/leoantony72/goswift/cache.go:170.2,172.15 3 1
github.com/leoantony72/goswift/cache.go:165.39,168.3 2 1
github.com/leoantony72/goswift/cache.go:175.62,176.20 1 1
github.com/leoantony72/goswift/cache.go:179.2,182.58 4 1
github.com/leoantony72/goswift/cache.go:188.2,188.41 1 1
github.com/leoantony72/goswift/cache.go:176.20,178.3 1 1
github.com/leoantony72/goswift/cache.go:182.58,183.35 1 1
github.com/leoantony72/goswift/cache.go:186.3,186.43 1 1
github.com/leoantony72/goswift/cache.go:183.35,185.4 1 1
github.com/leoantony72/goswift/cache.go:192.69,196.8 4 1
github.com/leoantony72/goswift/cache.go:203.2,203.40 1 1
github.com/leoantony72/goswift/cache.go:196.8,198.62 1 1
github.com/leoantony72/goswift/cache.go:201.3,201.42 1 1
github.com/leoantony72/goswift/cache.go:198.62,200.4 1 1
github.com/leoantony72/goswift/sweaper.go:10.40,15.6 4 1
github.com/leoantony72/goswift/sweaper.go:15.6,16.10 1 1
github.com/leoantony72/goswift/sweaper.go:17.19,18.25 1 1
github.com/leoantony72/goswift/sweaper.go:23.38,25.2 1 1
github.com/leoantony72/goswift/sweaper.go:26.37,30.14 4 1
github.com/leoantony72/goswift/sweaper.go:33.2,35.25 2 1
github.com/leoantony72/goswift/sweaper.go:55.2,55.15 1 1
github.com/leoantony72/goswift/sweaper.go:30.14,32.3 1 1
github.com/leoantony72/goswift/sweaper.go:35.25,38.14 3 1
github.com/leoantony72/goswift/sweaper.go:42.3,44.38 2 1
github.com/leoantony72/goswift/sweaper.go:38.14,41.4 2 1
github.com/leoantony72/goswift/sweaper.go:44.38,48.18 4 1
github.com/leoantony72/goswift/sweaper.go:48.18,51.5 2 0
